<?xml version="1.0" encoding="UTF-8"?>
<!-- Generated by org.testng.reporters.JUnitReportReporter -->
<testsuite hostname="Shyam-PC" failures="0" tests="2" name="testcases.LoginTest" time="4.373" errors="0" timestamp="2022-06-17T14:21:10 IST" skipped="0">
  <testcase classname="testcases.LoginTest" name="loginTest" time="3.711"/>
  <system-out/>
  <testcase classname="testcases.LoginTest" name="navigatingHomePage" time="0.662"/>
  <system-out/>
</testsuite> <!-- testcases.LoginTest -->
