<?xml version="1.0" encoding="UTF-8"?>
<!-- Generated by org.testng.reporters.JUnitReportReporter -->
<testsuite hostname="Shyam-PC" failures="0" tests="1" name="testcases.AddingWishlistTest" time="7.188" errors="0" timestamp="2022-06-17T14:21:10 IST" skipped="0">
  <testcase classname="testcases.AddingWishlistTest" name="wishlistByCategories" time="7.188"/>
  <system-out/>
</testsuite> <!-- testcases.AddingWishlistTest -->
