<?xml version="1.0" encoding="UTF-8"?>
<!-- Generated by org.testng.reporters.JUnitReportReporter -->
<testsuite hostname="Shyam-PC" failures="0" tests="2" name="testcases.LoginTest" time="2.687" errors="0" timestamp="2022-06-16T23:30:22 IST" skipped="0">
  <testcase classname="testcases.LoginTest" name="loginTest" time="2.034"/>
  <system-out/>
  <testcase classname="testcases.LoginTest" name="navigatingHomePage" time="0.653"/>
  <system-out/>
</testsuite> <!-- testcases.LoginTest -->
